  BasicThreadPool.cpp
  ctools.cpp
  FacVec.cpp
  FFT.cpp
  fileio.cpp
C:\Users\Intel\source\repos\numeros\fileio.cpp(118,4): warning C4244: 'initializing': conversion from 'time_t' to 'unsigned long', possible loss of data
  GetPID.cpp
  GetTime.cpp
  GF2.cpp
  GF2E.cpp
  GF2EX.cpp
  GF2EXFactoring.cpp
  GF2X.cpp
  GF2X1.cpp
  GF2XFactoring.cpp
  GF2XVec.cpp
  G_LLL_FP.cpp
  G_LLL_QP.cpp
  G_LLL_RR.cpp
  G_LLL_XD.cpp
  HNF.cpp
  Generating Code...
  Compiling...
  lip.cpp
C:\Users\Intel\source\repos\numeros\lip.cpp(2915,29): warning C4101: 'alias': unreferenced local variable
C:\Users\Intel\source\repos\numeros\lip.cpp(3117,19): warning C4101: 'alias': unreferenced local variable
  LLL.cpp
  LLL_FP.cpp
  LLL_QP.cpp
  LLL_RR.cpp
  LLL_XD.cpp
  lzz_p.cpp
  lzz_pE.cpp
  lzz_pEX.cpp
  lzz_pEXFactoring.cpp
  lzz_pX.cpp
  lzz_pX1.cpp
  lzz_pXCharPoly.cpp
  lzz_pXFactoring.cpp
  main.cpp
  MatPrime.cpp
C:\Users\Intel\source\repos\numeros\MatPrime.cpp(162,18): warning C4101: 'w': unreferenced local variable
  mat_GF2.cpp
  mat_GF2E.cpp
  mat_lzz_p.cpp
  mat_lzz_pE.cpp
  Generating Code...
  Compiling...
  mat_poly_lzz_p.cpp
  mat_poly_ZZ.cpp
  mat_poly_ZZ_p.cpp
  mat_RR.cpp
  mat_ZZ.cpp
  mat_ZZ_p.cpp
  mat_ZZ_pE.cpp
  pd_FFT.cpp
  quad_float.cpp
  quad_float1.cpp
  RR.cpp
  thread.cpp
  tools.cpp
  vec_GF2.cpp
  vec_GF2E.cpp
  vec_lzz_p.cpp
C:\Users\Intel\source\repos\numeros\vec_lzz_p.cpp(10,9): warning C4101: 'i': unreferenced local variable
C:\Users\Intel\source\repos\numeros\vec_lzz_p.cpp(21,9): warning C4101: 'i': unreferenced local variable
  vec_lzz_pE.cpp
  vec_RR.cpp
  vec_ZZ.cpp
  vec_ZZ_p.cpp
  Generating Code...
  Compiling...
  vec_ZZ_pE.cpp
  WordVector.cpp
  xdouble.cpp
  ZZ.cpp
C:\Users\Intel\source\repos\numeros\ZZ.cpp(2806,36): warning C4244: '=': conversion from 'unsigned long' to 'unsigned char', possible loss of data
C:\Users\Intel\source\repos\numeros\ZZ.cpp(2807,43): warning C4244: '=': conversion from 'unsigned long' to 'unsigned char', possible loss of data
  ZZVec.cpp
  ZZX.cpp
  ZZX1.cpp
C:\Users\Intel\source\repos\numeros\ZZX1.cpp(1656,9): warning C4101: 'i': unreferenced local variable
  ZZXCharPoly.cpp
  ZZXFactoring.cpp
  ZZ_p.cpp
  ZZ_pE.cpp
  ZZ_pEX.cpp
  ZZ_pEXFactoring.cpp
  ZZ_pX.cpp
C:\Users\Intel\source\repos\numeros\ZZ_pX.cpp(2244,15): warning C4101: 'l': unreferenced local variable
  ZZ_pX1.cpp
  ZZ_pXCharPoly.cpp
  ZZ_pXFactoring.cpp
  Generating Code...
  numeros.vcxproj -> C:\Users\Intel\source\repos\numeros\Debug\numeros.exe
